<?xml version="1.0" encoding="UTF-8"?>
<testsuite name="C:/Users/jadha/IdeaProjects/ATB6xRestAssuredLearning"
           tests="2"
           failures="0"
           errors="0"
           skipped="0"
           time="4.794">
    <properties></properties>



            <testcase
                name="getMethod2"
                time="1.186"
                classname="org.example.testing.Lab251">
            </testcase>
            <testcase
                name="getMethod"
                time="3.608"
                classname="org.example.testing.Lab251">
            </testcase>
</testsuite>
