<?xml version="1.0" encoding="UTF-8"?>
<testsuite name="C:/Users/jadha/IdeaProjects/ATB6xRestAssuredLearning"
           tests="3"
           failures="0"
           errors="0"
           skipped="0"
           time="0.011">
    <properties></properties>



            <testcase
                name="getrequest"
                time="0.004"
                classname="org.example.testing.Lab252">
            </testcase>
            <testcase
                name="getrequest3"
                time="0.003"
                classname="org.example.testing.Lab252">
            </testcase>
            <testcase
                name="getrequest2"
                time="0.004"
                classname="org.example.testing.Lab252">
            </testcase>
</testsuite>
